Using pre-set license
Built from '2022.3/release' branch; Version is '2022.3.18f1 (d29bea25151d) revision 13802474'; Using compiler version '192829333'; Build Type 'Release'
OS: 'Windows 10  (10.0.19045) 64bit Professional' Language: 'ru' Physical Memory: 16320 MB
BatchMode: 1, IsHumanControllingUs: 0, StartBugReporterOnCrash: 0, Is64bit: 1, IsPro: 1

COMMAND LINE ARGUMENTS:
C:\Program Files\Unity\Hub\Editor\2022.3.18f1\Editor\Unity.exe
-adb2
-batchMode
-noUpm
-name
AssetImportWorker0
-projectPath
C:/Last_D/UnityProject/My project
-logFile
Logs/AssetImportWorker0.log
-srvPort
52179
Successfully changed project path to: C:/Last_D/UnityProject/My project
C:/Last_D/UnityProject/My project
[UnityMemory] Configuration Parameters - Can be set up in boot.config
    "memorysetup-bucket-allocator-granularity=16"
    "memorysetup-bucket-allocator-bucket-count=8"
    "memorysetup-bucket-allocator-block-size=33554432"
    "memorysetup-bucket-allocator-block-count=8"
    "memorysetup-main-allocator-block-size=16777216"
    "memorysetup-thread-allocator-block-size=16777216"
    "memorysetup-gfx-main-allocator-block-size=16777216"
    "memorysetup-gfx-thread-allocator-block-size=16777216"
    "memorysetup-cache-allocator-block-size=4194304"
    "memorysetup-typetree-allocator-block-size=2097152"
    "memorysetup-profiler-bucket-allocator-granularity=16"
    "memorysetup-profiler-bucket-allocator-bucket-count=8"
    "memorysetup-profiler-bucket-allocator-block-size=33554432"
    "memorysetup-profiler-bucket-allocator-block-count=8"
    "memorysetup-profiler-allocator-block-size=16777216"
    "memorysetup-profiler-editor-allocator-block-size=1048576"
    "memorysetup-temp-allocator-size-main=16777216"
    "memorysetup-job-temp-allocator-block-size=2097152"
    "memorysetup-job-temp-allocator-block-size-background=1048576"
    "memorysetup-job-temp-allocator-reduction-small-platforms=262144"
    "memorysetup-allocator-temp-initial-block-size-main=262144"
    "memorysetup-allocator-temp-initial-block-size-worker=262144"
    "memorysetup-temp-allocator-size-background-worker=32768"
    "memorysetup-temp-allocator-size-job-worker=262144"
    "memorysetup-temp-allocator-size-preload-manager=33554432"
    "memorysetup-temp-allocator-size-nav-mesh-worker=65536"
    "memorysetup-temp-allocator-size-audio-worker=65536"
    "memorysetup-temp-allocator-size-cloud-worker=32768"
    "memorysetup-temp-allocator-size-gi-baking-worker=262144"
    "memorysetup-temp-allocator-size-gfx=262144"
Player connection [868] Host "[IP] 192.168.1.123 [Port] 0 [Flags] 2 [Guid] 3854720624 [EditorId] 3854720624 [Version] 1048832 [Id] WindowsEditor(7,DESKTOP-8FMKIKR) [Debug] 1 [PackageName] WindowsEditor [ProjectName] Editor" joined multi-casting on [225.0.0.222:54997]...

Player connection [868] Host "[IP] 192.168.1.123 [Port] 0 [Flags] 2 [Guid] 3854720624 [EditorId] 3854720624 [Version] 1048832 [Id] WindowsEditor(7,DESKTOP-8FMKIKR) [Debug] 1 [PackageName] WindowsEditor [ProjectName] Editor" joined alternative multi-casting on [225.0.0.222:34997]...

[Physics::Module] Initialized MultithreadedJobDispatcher with 15 workers.
Refreshing native plugins compatible for Editor in 28.43 ms, found 3 plugins.
Preloading 0 native plugins for Editor in 0.00 ms.
Initialize engine version: 2022.3.18f1 (d29bea25151d)
[Subsystems] Discovering subsystems at path C:/Program Files/Unity/Hub/Editor/2022.3.18f1/Editor/Data/Resources/UnitySubsystems
[Subsystems] Discovering subsystems at path C:/Last_D/UnityProject/My project/Assets
GfxDevice: creating device client; threaded=0; jobified=0
Direct3D:
    Version:  Direct3D 11.0 [level 11.1]
    Renderer: Radeon RX 570 Series (ID=0x67df)
    Vendor:   ATI
    VRAM:     8171 MB
    Driver:   30.0.13025.5005
Initialize mono
Mono path[0] = 'C:/Program Files/Unity/Hub/Editor/2022.3.18f1/Editor/Data/Managed'
Mono path[1] = 'C:/Program Files/Unity/Hub/Editor/2022.3.18f1/Editor/Data/MonoBleedingEdge/lib/mono/unityjit-win32'
Mono config path = 'C:/Program Files/Unity/Hub/Editor/2022.3.18f1/Editor/Data/MonoBleedingEdge/etc'
Using monoOptions --debugger-agent=transport=dt_socket,embedding=1,server=y,suspend=n,address=127.0.0.1:56268
Begin MonoManager ReloadAssembly
Registering precompiled unity dll's ...
Register platform support module: C:/Program Files/Unity/Hub/Editor/2022.3.18f1/Editor/Data/PlaybackEngines/WindowsStandaloneSupport/UnityEditor.WindowsStandalone.Extensions.dll
Register platform support module: C:/Program Files/Unity/Hub/Editor/2022.3.18f1/Editor/Data/PlaybackEngines/MetroSupport/UnityEditor.UWP.Extensions.dll
Registered in 0.028307 seconds.
- Loaded All Assemblies, in  0.642 seconds
Native extension for UWP target not found
Native extension for WindowsStandalone target not found
Mono: successfully reloaded assembly
- Finished resetting the current domain, in  0.359 seconds
Domain Reload Profiling: 994ms
	BeginReloadAssembly (232ms)
		ExecutionOrderSort (0ms)
		DisableScriptedObjects (0ms)
		BackupInstance (0ms)
		ReleaseScriptingObjects (0ms)
		CreateAndSetChildDomain (1ms)
	RebuildCommonClasses (51ms)
	RebuildNativeTypeToScriptingClass (15ms)
	initialDomainReloadingComplete (112ms)
	LoadAllAssembliesAndSetupDomain (225ms)
		LoadAssemblies (227ms)
		RebuildTransferFunctionScriptingTraits (0ms)
		AnalyzeDomain (220ms)
			TypeCache.Refresh (218ms)
				TypeCache.ScanAssembly (198ms)
			ScanForSourceGeneratedMonoScriptInfo (0ms)
			ResolveRequiredComponents (1ms)
	FinalizeReload (359ms)
		ReleaseScriptCaches (0ms)
		RebuildScriptCaches (0ms)
		SetupLoadedEditorAssemblies (284ms)
			LogAssemblyErrors (0ms)
			InitializePlatformSupportModulesInManaged (19ms)
			SetLoadedEditorAssemblies (7ms)
			RefreshPlugins (0ms)
			BeforeProcessingInitializeOnLoad (3ms)
			ProcessInitializeOnLoadAttributes (188ms)
			ProcessInitializeOnLoadMethodAttributes (67ms)
			AfterProcessingInitializeOnLoad (0ms)
			EditorAssembliesLoaded (0ms)
		ExecutionOrderSort2 (0ms)
		AwakeInstancesAfterBackupRestoration (0ms)
========================================================================
Worker process is ready to serve import requests
Begin MonoManager ReloadAssembly
- Loaded All Assemblies, in  1.028 seconds
Refreshing native plugins compatible for Editor in 11.88 ms, found 3 plugins.
Native extension for UWP target not found
Native extension for WindowsStandalone target not found
Package Manager log level set to [2]
[Package Manager] Server::EnsureServerProcessIsRunning -- launch failed, reason: Unity was launched with the -noUpm command-line argument
[Package Manager] UpmClient::Send -- Unable to send message (not connected to UPM process).
[Package Manager] Cannot connect to Unity Package Manager local server
Mono: successfully reloaded assembly
- Finished resetting the current domain, in  0.782 seconds
Domain Reload Profiling: 1801ms
	BeginReloadAssembly (266ms)
		ExecutionOrderSort (0ms)
		DisableScriptedObjects (8ms)
		BackupInstance (0ms)
		ReleaseScriptingObjects (0ms)
		CreateAndSetChildDomain (24ms)
	RebuildCommonClasses (50ms)
	RebuildNativeTypeToScriptingClass (14ms)
	initialDomainReloadingComplete (73ms)
	LoadAllAssembliesAndSetupDomain (614ms)
		LoadAssemblies (561ms)
		RebuildTransferFunctionScriptingTraits (0ms)
		AnalyzeDomain (239ms)
			TypeCache.Refresh (211ms)
				TypeCache.ScanAssembly (193ms)
			ScanForSourceGeneratedMonoScriptInfo (18ms)
			ResolveRequiredComponents (8ms)
	FinalizeReload (783ms)
		ReleaseScriptCaches (0ms)
		RebuildScriptCaches (0ms)
		SetupLoadedEditorAssemblies (584ms)
			LogAssemblyErrors (0ms)
			InitializePlatformSupportModulesInManaged (14ms)
			SetLoadedEditorAssemblies (5ms)
			RefreshPlugins (0ms)
			BeforeProcessingInitializeOnLoad (102ms)
			ProcessInitializeOnLoadAttributes (412ms)
			ProcessInitializeOnLoadMethodAttributes (27ms)
			AfterProcessingInitializeOnLoad (22ms)
			EditorAssembliesLoaded (0ms)
		ExecutionOrderSort2 (0ms)
		AwakeInstancesAfterBackupRestoration (13ms)
Launched and connected shader compiler UnityShaderCompiler.exe after 0.06 seconds
Refreshing native plugins compatible for Editor in 11.93 ms, found 3 plugins.
Preloading 0 native plugins for Editor in 0.00 ms.
Unloading 3092 Unused Serialized files (Serialized files now loaded: 0)
Unloading 32 unused Assets / (57.4 KB). Loaded Objects now: 3553.
Memory consumption went from 122.8 MB to 122.7 MB.
Total: 3.447500 ms (FindLiveObjects: 0.324700 ms CreateObjectMapping: 0.093000 ms MarkObjects: 2.904500 ms  DeleteObjects: 0.124500 ms)

AssetImportParameters requested are different than current active one (requested -> active):
  custom:container-demuxer-ogg: 62fdf1f143b41e24485cea50d1cbac27 -> 
  custom:video-decoder-ogg-theora: a1e56fd34408186e4bbccfd4996cb3dc -> 
  custom:framework-win-MediaFoundation: 216162199b28c13a410421893ffa2e32 -> 
  custom:CustomObjectIndexerAttribute: 6d391050e5a25f67b0a2c618074f2cd9 -> 
  custom:container-demuxer-webm: 4f35f7cbe854078d1ac9338744f61a02 -> 
  custom:container-muxer-webm: aa71ff27fc2769a1b78a27578f13a17b -> 
  custom:video-decoder-webm-vp8: 9c59270c3fd7afecdb556c50c9e8de78 -> 
  custom:SearchIndexIgnoredProperties: e643bd26f0fe6173181afceb89e7c659 -> 
  custom:AudioImporter_EditorPlatform: d09bf68614088b80899f8185d706f6e7 -> 
  custom:video-encoder-webm-vp8: eb34c28f22e8b96e1ab97ce403110664 -> 
  custom:audio-decoder-ogg-vorbis: bf7c407c2cedff20999df2af8eb42d56 -> 
  custom:audio-encoder-webm-vorbis: bf7c407c2cedff20999df2af8eb42d56 -> 
========================================================================
Received Import Request.
  Time since last request: 9598.129544 seconds.
  path: Assets/ylica_goroda-0.mtl
  artifactKey: Guid(0fd399bab710e7b4bbe2320fee6199c2) Importer(815301076,1909f56bfc062723c751e8b465ee728b)
Start importing Assets/ylica_goroda-0.mtl using Guid(0fd399bab710e7b4bbe2320fee6199c2) Importer(815301076,1909f56bfc062723c751e8b465ee728b)  -> (artifact id: '57baba68dfb874cf7e82b8ac1b0d66b6') in 0.013560 seconds
Number of updated asset objects reloaded before import = 0
Number of asset objects unloaded after import = 1
========================================================================
Received Import Request.
  Time since last request: 18.390943 seconds.
  path: Assets/ylica_goroda-0.obj
  artifactKey: Guid(e020e42e192f3dd4489c39f28465456d) Importer(815301076,1909f56bfc062723c751e8b465ee728b)
Start importing Assets/ylica_goroda-0.obj using Guid(e020e42e192f3dd4489c39f28465456d) Importer(815301076,1909f56bfc062723c751e8b465ee728b)  -> (artifact id: '0797f0385cea8418167d9cfe6d0981b7') in 0.162079 seconds
Number of updated asset objects reloaded before import = 0
Number of asset objects unloaded after import = 10
========================================================================
Received Import Request.
  Time since last request: 0.000030 seconds.
  path: Assets/ylica_goroda-2.obj
  artifactKey: Guid(e8c1139f574a76f429dde930116a15dd) Importer(815301076,1909f56bfc062723c751e8b465ee728b)
Start importing Assets/ylica_goroda-2.obj using Guid(e8c1139f574a76f429dde930116a15dd) Importer(815301076,1909f56bfc062723c751e8b465ee728b)  -> (artifact id: '29569114fb195b851056ba4f8aa6c23b') in 0.021870 seconds
Number of updated asset objects reloaded before import = 0
Number of asset objects unloaded after import = 10
========================================================================
Received Import Request.
  Time since last request: 6.240808 seconds.
  path: Assets/ylica_goroda-2.obj
  artifactKey: Guid(49fecd16ae9dbb247b69a87464169419) Importer(815301076,1909f56bfc062723c751e8b465ee728b)
Start importing Assets/ylica_goroda-2.obj using Guid(49fecd16ae9dbb247b69a87464169419) Importer(815301076,1909f56bfc062723c751e8b465ee728b)  -> (artifact id: 'bff95f314f8d67edbecd4e48797289d1') in 0.022267 seconds
Number of updated asset objects reloaded before import = 0
Number of asset objects unloaded after import = 10
========================================================================
Received Import Request.
  Time since last request: 20.563284 seconds.
  path: Assets/ylica_goroda-0 1.mtl
  artifactKey: Guid(38cb3beaa1923384eb11b937623f6079) Importer(815301076,1909f56bfc062723c751e8b465ee728b)
Start importing Assets/ylica_goroda-0 1.mtl using Guid(38cb3beaa1923384eb11b937623f6079) Importer(815301076,1909f56bfc062723c751e8b465ee728b)  -> (artifact id: '9cda1475d2b8b4be11455b59de25e1d6') in 0.001155 seconds
Number of updated asset objects reloaded before import = 0
Number of asset objects unloaded after import = 1
========================================================================
Received Import Request.
  Time since last request: 2.806690 seconds.
  path: Assets/ylica_goroda-1.mtl
  artifactKey: Guid(2e5251d91bea2784ba9d8bef4ed7253b) Importer(815301076,1909f56bfc062723c751e8b465ee728b)
Start importing Assets/ylica_goroda-1.mtl using Guid(2e5251d91bea2784ba9d8bef4ed7253b) Importer(815301076,1909f56bfc062723c751e8b465ee728b)  -> (artifact id: 'a867af3655a8e1fff152407d594093fd') in 0.001071 seconds
Number of updated asset objects reloaded before import = 0
Number of asset objects unloaded after import = 1
========================================================================
Received Import Request.
  Time since last request: 5.902509 seconds.
  path: Assets/ylica_goroda-1 1.mtl
  artifactKey: Guid(baa23a746ccdfff478bcad43143dc5d6) Importer(815301076,1909f56bfc062723c751e8b465ee728b)
Start importing Assets/ylica_goroda-1 1.mtl using Guid(baa23a746ccdfff478bcad43143dc5d6) Importer(815301076,1909f56bfc062723c751e8b465ee728b)  -> (artifact id: 'eac2cb54b3ea8539ae1c46055d5dca75') in 0.001269 seconds
Number of updated asset objects reloaded before import = 0
Number of asset objects unloaded after import = 1
========================================================================
Received Import Request.
  Time since last request: 3.262608 seconds.
  path: Assets/ylica_goroda-2.mtl
  artifactKey: Guid(9d5dd83d633beeb48969acf6bf789457) Importer(815301076,1909f56bfc062723c751e8b465ee728b)
Start importing Assets/ylica_goroda-2.mtl using Guid(9d5dd83d633beeb48969acf6bf789457) Importer(815301076,1909f56bfc062723c751e8b465ee728b)  -> (artifact id: '577bb7067366fab83b0237e839bd4400') in 0.001103 seconds
Number of updated asset objects reloaded before import = 0
Number of asset objects unloaded after import = 1
========================================================================
Received Import Request.
  Time since last request: 6.322910 seconds.
  path: Assets/ylica_goroda-2 1.mtl
  artifactKey: Guid(3657d5537d3a27e45aa470e2cc9eb5f8) Importer(815301076,1909f56bfc062723c751e8b465ee728b)
Start importing Assets/ylica_goroda-2 1.mtl using Guid(3657d5537d3a27e45aa470e2cc9eb5f8) Importer(815301076,1909f56bfc062723c751e8b465ee728b)  -> (artifact id: '3ee67840080a8bcbef18aeea9d83824f') in 0.001125 seconds
Number of updated asset objects reloaded before import = 0
Number of asset objects unloaded after import = 1
========================================================================
Received Import Request.
  Time since last request: 3.418262 seconds.
  path: Assets/ylica_goroda-3.mtl
  artifactKey: Guid(fdcdc3a5777425544bd098f71c0ea24a) Importer(815301076,1909f56bfc062723c751e8b465ee728b)
Start importing Assets/ylica_goroda-3.mtl using Guid(fdcdc3a5777425544bd098f71c0ea24a) Importer(815301076,1909f56bfc062723c751e8b465ee728b)  -> (artifact id: '15174447fd1411b22cc206823f1ffe85') in 0.001099 seconds
Number of updated asset objects reloaded before import = 0
Number of asset objects unloaded after import = 1
========================================================================
Received Import Request.
  Time since last request: 2.974734 seconds.
  path: Assets/ylica_goroda-3 1.mtl
  artifactKey: Guid(281f507a616a25c429f84be0c0815011) Importer(815301076,1909f56bfc062723c751e8b465ee728b)
Start importing Assets/ylica_goroda-3 1.mtl using Guid(281f507a616a25c429f84be0c0815011) Importer(815301076,1909f56bfc062723c751e8b465ee728b)  -> (artifact id: '3be41ed4fcc0d8d796c9ae86c6c1ff4b') in 0.001097 seconds
Number of updated asset objects reloaded before import = 0
Number of asset objects unloaded after import = 1
========================================================================
Received Import Request.
  Time since last request: 548.661030 seconds.
  path: Assets
  artifactKey: Guid(00000000000000001000000000000000) Importer(815301076,1909f56bfc062723c751e8b465ee728b)
Start importing Assets using Guid(00000000000000001000000000000000) Importer(815301076,1909f56bfc062723c751e8b465ee728b)  -> (artifact id: '8a4fe85251aa2e89732c359432baa2c3') in 0.000562 seconds
Number of updated asset objects reloaded before import = 0
Number of asset objects unloaded after import = 0
========================================================================
Received Import Request.
  Time since last request: 5.317051 seconds.
  path: Assets/New Material.mat
  artifactKey: Guid(43b2f4b0647f39d4c8e89ee4da15556d) Importer(815301076,1909f56bfc062723c751e8b465ee728b)
Start importing Assets/New Material.mat using Guid(43b2f4b0647f39d4c8e89ee4da15556d) Importer(815301076,1909f56bfc062723c751e8b465ee728b)  -> (artifact id: 'f387bf34d2dac3e03034034c9d462d44') in 0.010439 seconds
Number of updated asset objects reloaded before import = 0
Number of asset objects unloaded after import = 1
========================================================================
Received Import Request.
  Time since last request: 696.832674 seconds.
  path: Assets/Mammals_Biped_Medium_Hu.obj
  artifactKey: Guid(9d432f6741bd06148895733eb234ba37) Importer(815301076,1909f56bfc062723c751e8b465ee728b)
Start importing Assets/Mammals_Biped_Medium_Hu.obj using Guid(9d432f6741bd06148895733eb234ba37) Importer(815301076,1909f56bfc062723c751e8b465ee728b)  -> (artifact id: 'e1d88d725bbb487ccba7f2a2fd726698') in 0.025749 seconds
Number of updated asset objects reloaded before import = 0
Number of asset objects unloaded after import = 10
========================================================================
Received Import Request.
  Time since last request: 567.734343 seconds.
  path: Assets/ylica goroda-0.png
  artifactKey: Guid(366a83500d5e62a46bdef58aed2c896e) Importer(815301076,1909f56bfc062723c751e8b465ee728b)
Start importing Assets/ylica goroda-0.png using Guid(366a83500d5e62a46bdef58aed2c896e) Importer(815301076,1909f56bfc062723c751e8b465ee728b)  -> (artifact id: '93e9542382063b68bcbb5502a47175ba') in 0.031526 seconds
Number of updated asset objects reloaded before import = 0
Number of asset objects unloaded after import = 2
========================================================================
Received Import Request.
  Time since last request: 61.582671 seconds.
  path: Assets/model_0.mat
  artifactKey: Guid(478e482ceb0a00e42a33cd3419051e4d) Importer(815301076,1909f56bfc062723c751e8b465ee728b)
Start importing Assets/model_0.mat using Guid(478e482ceb0a00e42a33cd3419051e4d) Importer(815301076,1909f56bfc062723c751e8b465ee728b)  -> (artifact id: '6e12862702378b5b5f61109195a9aa3e') in 0.010377 seconds
Number of updated asset objects reloaded before import = 0
Number of asset objects unloaded after import = 1
========================================================================
Received Prepare
Begin MonoManager ReloadAssembly
- Loaded All Assemblies, in  0.897 seconds
Refreshing native plugins compatible for Editor in 11.78 ms, found 3 plugins.
Native extension for UWP target not found
Native extension for WindowsStandalone target not found
[Package Manager] Server::EnsureServerProcessIsRunning -- launch failed, reason: Unity was launched with the -noUpm command-line argument
[Package Manager] UpmClient::Send -- Unable to send message (not connected to UPM process).
[Package Manager] Cannot connect to Unity Package Manager local server
Mono: successfully reloaded assembly
- Finished resetting the current domain, in  1.801 seconds
Domain Reload Profiling: 2688ms
	BeginReloadAssembly (315ms)
		ExecutionOrderSort (0ms)
		DisableScriptedObjects (7ms)
		BackupInstance (0ms)
		ReleaseScriptingObjects (0ms)
		CreateAndSetChildDomain (61ms)
	RebuildCommonClasses (49ms)
	RebuildNativeTypeToScriptingClass (15ms)
	initialDomainReloadingComplete (61ms)
	LoadAllAssembliesAndSetupDomain (446ms)
		LoadAssemblies (628ms)
		RebuildTransferFunctionScriptingTraits (0ms)
		AnalyzeDomain (17ms)
			TypeCache.Refresh (8ms)
				TypeCache.ScanAssembly (0ms)
			ScanForSourceGeneratedMonoScriptInfo (0ms)
			ResolveRequiredComponents (7ms)
	FinalizeReload (1802ms)
		ReleaseScriptCaches (0ms)
		RebuildScriptCaches (0ms)
		SetupLoadedEditorAssemblies (537ms)
			LogAssemblyErrors (0ms)
			InitializePlatformSupportModulesInManaged (14ms)
			SetLoadedEditorAssemblies (5ms)
			RefreshPlugins (0ms)
			BeforeProcessingInitializeOnLoad (97ms)
			ProcessInitializeOnLoadAttributes (369ms)
			ProcessInitializeOnLoadMethodAttributes (27ms)
			AfterProcessingInitializeOnLoad (24ms)
			EditorAssembliesLoaded (0ms)
		ExecutionOrderSort2 (0ms)
		AwakeInstancesAfterBackupRestoration (14ms)
Refreshing native plugins compatible for Editor in 12.03 ms, found 3 plugins.
Preloading 0 native plugins for Editor in 0.00 ms.
Unloading 3084 Unused Serialized files (Serialized files now loaded: 0)
Unloading 23 unused Assets / (31.1 KB). Loaded Objects now: 3602.
Memory consumption went from 128.4 MB to 128.3 MB.
Total: 3.744800 ms (FindLiveObjects: 0.341900 ms CreateObjectMapping: 0.094900 ms MarkObjects: 3.244900 ms  DeleteObjects: 0.062000 ms)

Prepare: number of updated asset objects reloaded= 0
AssetImportParameters requested are different than current active one (requested -> active):
  custom:container-demuxer-ogg: 62fdf1f143b41e24485cea50d1cbac27 -> 
  custom:video-decoder-ogg-theora: a1e56fd34408186e4bbccfd4996cb3dc -> 
  custom:framework-win-MediaFoundation: 216162199b28c13a410421893ffa2e32 -> 
  custom:CustomObjectIndexerAttribute: 6d391050e5a25f67b0a2c618074f2cd9 -> 
  custom:container-demuxer-webm: 4f35f7cbe854078d1ac9338744f61a02 -> 
  custom:container-muxer-webm: aa71ff27fc2769a1b78a27578f13a17b -> 
  custom:video-decoder-webm-vp8: 9c59270c3fd7afecdb556c50c9e8de78 -> 
  custom:SearchIndexIgnoredProperties: e643bd26f0fe6173181afceb89e7c659 -> 
  custom:AudioImporter_EditorPlatform: d09bf68614088b80899f8185d706f6e7 -> 
  custom:video-encoder-webm-vp8: eb34c28f22e8b96e1ab97ce403110664 -> 
  custom:audio-decoder-ogg-vorbis: bf7c407c2cedff20999df2af8eb42d56 -> 
  custom:audio-encoder-webm-vorbis: bf7c407c2cedff20999df2af8eb42d56 -> 
========================================================================
Received Import Request.
  Time since last request: 1636.706666 seconds.
  path: Assets/Mammals_Biped_Medium_Human_V2_Run_01.vxa
  artifactKey: Guid(94d58a604abb281448e4dc6f6fca9f6f) Importer(815301076,1909f56bfc062723c751e8b465ee728b)
Start importing Assets/Mammals_Biped_Medium_Human_V2_Run_01.vxa using Guid(94d58a604abb281448e4dc6f6fca9f6f) Importer(815301076,1909f56bfc062723c751e8b465ee728b)  -> (artifact id: 'b5237ae2034642ba101c37e27cb807ec') in 0.012165 seconds
Number of updated asset objects reloaded before import = 0
Number of asset objects unloaded after import = 1
